let arr = [1,2,2,3,3,4,4,5,6,6,7,7]
undefined
let s = new Set(arr)
undefined
s
Set(7) {1, 2, 3, 4, 5, …}
for (let v of s)
    console.log(v)
VM1107:2 1
VM1107:2 2
VM1107:2 3
VM1107:2 4
VM1107:2 5
VM1107:2 6
VM1107:2 7
undefined
let set1 = new Set([ "ABC", "DEF", "GHI" ])
undefined
set1
Set(3) {"ABC", "DEF", "GHI"}
for (let v of set1)
    console.log(v.toLowerCase())
VM1415:2 abc
VM1415:2 def
VM1415:2 ghi
undefined

set1.forEach( function(v1,v2) {
    console.log(v1, v2)
})
VM1624:2 ABC ABC
VM1624:2 DEF DEF
VM1624:2 GHI GHI
undefined
set1.forEach( v => console.log(v) )
VM1726:1 ABC
VM1726:1 DEF
VM1726:1 GHI
undefined
set1.has("ABC")
true
set1.has("CBA")
false
