let user = {
    name: 'John',
    age: 24,
    gender: 'Male',
    from:'bkk'
}
undefined
let m = new Map(Object.entries(user))
undefined
m
Map(4) {"name" => "John", "age" => 24, "gender" => "Male", "from" => "bkk"}
user
{name: "John", age: 24, gender: "Male", from: "bkk"}
let om = Object.entries(user)
undefined
om
(4) [Array(2), Array(2), Array(2), Array(2)]0: (2) ["name", "John"]1: (2) ["age", 24]2: (2) ["gender", "Male"]3: (2) ["from", "bkk"]length: 4[[Prototype]]: Array(0)
om[0][0]
"name"
om[1][1]
24
om[0][1]
"John"
let mm = new Map(om)
undefined
mm
Map(4) {"name" => "John", "age" => 24, "gender" => "Male", "from" => "bkk"}
