let products = [
    { Pname: 'Apple', price: 100 },
    { Pname: 'Orange', price: 200 },
    { Pname: 'Grape', price: 300 }
]
undefined
//Array ของ Object
undefined
products
(3) [{…}, {…}, {…}]0: {Pname: "Apple", price: 100}1: {Pname: "Orange", price: 200}2: {Pname: "Grape", price: 300}length: 3[[Prototype]]: Array(0)
products[0]
{Pname: "Apple", price: 100}
products[0].Pname
"Apple"
products[0].price
100

for(let i = 0; i < products.length; i++) {
    console.log(products[i].Pname + '\t' + 
       products[i].price)
}
VM582:2 Apple	100
VM582:2 Orange	200
VM582:2 Grape	300
undefined
