// new Map() – สร้าง Map ขึ้นมาใหม่
// map.set(key, value) – เก็บ key และ value ลง Map
// map.get(key) – คืนค่า value ของ key ใน Map, undefined ถ้า key นั้นไม่มีอยู่ใน Map
// map.has(key) – เป็น true ถ้า Map นั้นมี key
// map.delete(key) – ลบ value ที่มี key ออกจาก Map
// map.clear() – ลบทุกอย่างออกจาก Map
// map.size – คืนค่าเป็นขนาดของ Map
undefined
let m = new Map()
undefined
m
Map(0) {}
m.set('name', 'John').set('age', 25).set('gender', 'male').set('from', 'bkk').set(true, 'single').set(false, 'married')
Map(6) {"name" => "John", "age" => 25, "gender" => "male", "from" => "bkk", true => "single", …}
m.delete("age")
true
m
Map(5) {"name" => "John", "gender" => "male", "from" => "bkk", true => "single", false => "married"}
m.delete(true)
true
m
Map(4) {"name" => "John", "gender" => "male", "from" => "bkk", false => "married"}
m.set('age', 25)
Map(5) {"name" => "John", "gender" => "male", "from" => "bkk", false => "married", "age" => 25}
