let user = {
    name: 'John',
    age: 24,
    gender: 'male',
    from: 'bkk'
}
undefined
let n = new Map()
undefined
n.set(1, 'one').set(2, 'two').set(3, 'three')
Map(3) {1 => "one", 2 => "two", 3 => "three"}
n.set(4, user)
Map(4) {1 => "one", 2 => "two", 3 => "three", 4 => {…}}[[Entries]]0: {1 => "one"}1: {2 => "two"}2: {3 => "three"}3: {4 => Object}size: (...)[[Prototype]]: Map
n.get(4)
{name: "John", age: 24, gender: "male", from: "bkk"}
user.age = 35
35
n.get(4)
{name: "John", age: 35, gender: "male", from: "bkk"}
n.set(user, "VIP Member")
Map(5) {1 => "one", 2 => "two", 3 => "three", 4 => {…}, {…} => "VIP Member"}[[Entries]]0: {1 => "one"}1: {2 => "two"}2: {3 => "three"}3: {4 => Object}4: {Object => "VIP Member"}size: (...)[[Prototype]]: Map
n.get(user)
"VIP Member"
n.size
5
